1598627061800	geckodriver	INFO	Listening on 127.0.0.1:62082
1598627064906	mozrunner::runner	INFO	Running command: "C:\\Program Files\\Mozilla Firefox\\firefox.exe" "--marionette" "-foreground" "-no-remote" "-profile" "C:\\Users\\hjkhj\\AppData\\Local\\Temp\\rust_mozprofileEx5fQh"
JavaScript error: resource://gre/modules/XULStore.jsm, line 66: Error: Can't find profile directory.
console.error: SearchCache: "_readCacheFile: Error reading cache file:" (new Error("", "(unknown module)"))
1598627071172	Marionette	INFO	Listening on port 62092
1598627071237	Marionette	WARN	TLS certificate errors will be ignored for this session
1598627115019	Marionette	INFO	Stopped listening on port 62092

###!!! [Child][RunMessage] Error: Channel closing: too late to send/recv, messages will be lost


###!!! [Child][MessageChannel::SendAndWait] Error: Channel error: cannot send/recv

1598632262917	geckodriver	INFO	Listening on 127.0.0.1:62369
1598632265988	mozrunner::runner	INFO	Running command: "C:\\Program Files\\Mozilla Firefox\\firefox.exe" "--marionette" "-foreground" "-no-remote" "-profile" "C:\\Users\\hjkhj\\AppData\\Local\\Temp\\rust_mozprofilejnDo7Q"
JavaScript error: resource://gre/modules/XULStore.jsm, line 66: Error: Can't find profile directory.
console.error: SearchCache: "_readCacheFile: Error reading cache file:" (new Error("", "(unknown module)"))
1598632269668	Marionette	INFO	Listening on port 62377
1598632270128	Marionette	WARN	TLS certificate errors will be ignored for this session
1598632306617	Marionette	INFO	Stopped listening on port 62377

###!!! [Child][MessageChannel::SendAndWait] Error: Channel error: cannot send/recv

1598632322231	geckodriver	INFO	Listening on 127.0.0.1:62416
1598632325295	mozrunner::runner	INFO	Running command: "C:\\Program Files\\Mozilla Firefox\\firefox.exe" "--marionette" "-foreground" "-no-remote" "-profile" "C:\\Users\\hjkhj\\AppData\\Local\\Temp\\rust_mozprofilegfHUAH"
JavaScript error: resource://gre/modules/XULStore.jsm, line 66: Error: Can't find profile directory.
console.error: SearchCache: "_readCacheFile: Error reading cache file:" (new Error("", "(unknown module)"))
1598632328395	Marionette	INFO	Listening on port 62424
1598632328415	Marionette	WARN	TLS certificate errors will be ignored for this session
1598632839006	Marionette	INFO	Stopped listening on port 62424

###!!! [Child][RunMessage] Error: Channel closing: too late to send/recv, messages will be lost


###!!! [Child][MessageChannel::SendAndWait] Error: Channel error: cannot send/recv

1598704347034	geckodriver	INFO	Listening on 127.0.0.1:63496
1598704350125	mozrunner::runner	INFO	Running command: "C:\\Program Files\\Mozilla Firefox\\firefox.exe" "--marionette" "-foreground" "-no-remote" "-profile" "C:\\Users\\hjkhj\\AppData\\Local\\Temp\\rust_mozprofile9SXl0E"
JavaScript error: resource://gre/modules/XULStore.jsm, line 66: Error: Can't find profile directory.
console.error: SearchCache: "_readCacheFile: Error reading cache file:" (new Error("", "(unknown module)"))
1598704355069	Marionette	INFO	Listening on port 63504
1598704355364	Marionette	WARN	TLS certificate errors will be ignored for this session
1598704544332	Marionette	INFO	Stopped listening on port 63504

###!!! [Child][RunMessage] Error: Channel closing: too late to send/recv, messages will be lost


###!!! [Child][MessageChannel::SendAndWait] Error: Channel error: cannot send/recv

1598705062763	geckodriver	INFO	Listening on 127.0.0.1:63621
1598705065855	mozrunner::runner	INFO	Running command: "C:\\Program Files\\Mozilla Firefox\\firefox.exe" "--marionette" "-foreground" "-no-remote" "-profile" "C:\\Users\\hjkhj\\AppData\\Local\\Temp\\rust_mozprofileX5Ihe8"
JavaScript error: resource://gre/modules/XULStore.jsm, line 66: Error: Can't find profile directory.
console.error: SearchCache: "_readCacheFile: Error reading cache file:" (new Error("", "(unknown module)"))
1598705070787	Marionette	INFO	Listening on port 63629
1598705071092	Marionette	WARN	TLS certificate errors will be ignored for this session
1598705071632	Marionette	INFO	Stopped listening on port 63629
console.warn: services.settings: main/cfr sync interrupted by shutdown
console.warn: services.settings: main/partitioning-exempt-urls sync interrupted by shutdown

###!!! [Child][RunMessage] Error: Channel closing: too late to send/recv, messages will be lost


###!!! [Child][MessageChannel::SendAndWait] Error: Channel error: cannot send/recv

1598711241053	geckodriver	INFO	Listening on 127.0.0.1:63872
1598711244130	mozrunner::runner	INFO	Running command: "C:\\Program Files\\Mozilla Firefox\\firefox.exe" "--marionette" "-foreground" "-no-remote" "-profile" "C:\\Users\\hjkhj\\AppData\\Local\\Temp\\rust_mozprofilePSaymO"
JavaScript error: resource://gre/modules/XULStore.jsm, line 66: Error: Can't find profile directory.
console.error: SearchCache: "_readCacheFile: Error reading cache file:" (new Error("", "(unknown module)"))
1598711248546	Marionette	INFO	Listening on port 63880
1598711248863	Marionette	WARN	TLS certificate errors will be ignored for this session
1598711249399	Marionette	INFO	Stopped listening on port 63880
console.warn: services.settings: main/cfr-fxa sync interrupted by shutdown

###!!! [Child][RunMessage] Error: Channel closing: too late to send/recv, messages will be lost


###!!! [Child][MessageChannel::SendAndWait] Error: Channel error: cannot send/recv

1598712341610	geckodriver	INFO	Listening on 127.0.0.1:63973
1598712344703	mozrunner::runner	INFO	Running command: "C:\\Program Files\\Mozilla Firefox\\firefox.exe" "--marionette" "-foreground" "-no-remote" "-profile" "C:\\Users\\hjkhj\\AppData\\Local\\Temp\\rust_mozprofiled0WEZC"
JavaScript error: resource://gre/modules/XULStore.jsm, line 66: Error: Can't find profile directory.
console.error: SearchCache: "_readCacheFile: Error reading cache file:" (new Error("", "(unknown module)"))
1598712349291	Marionette	INFO	Listening on port 63981
1598712349439	Marionette	WARN	TLS certificate errors will be ignored for this session
1598712355683	Marionette	INFO	Stopped listening on port 63981

###!!! [Child][RunMessage] Error: Channel closing: too late to send/recv, messages will be lost


###!!! [Child][MessageChannel::SendAndWait] Error: Channel error: cannot send/recv

1598712666839	geckodriver	INFO	Listening on 127.0.0.1:64048
1598712669905	mozrunner::runner	INFO	Running command: "C:\\Program Files\\Mozilla Firefox\\firefox.exe" "--marionette" "-foreground" "-no-remote" "-profile" "C:\\Users\\hjkhj\\AppData\\Local\\Temp\\rust_mozprofile3rjkxy"
JavaScript error: resource://gre/modules/XULStore.jsm, line 66: Error: Can't find profile directory.
console.error: SearchCache: "_readCacheFile: Error reading cache file:" (new Error("", "(unknown module)"))
1598712674446	Marionette	INFO	Listening on port 64056
1598712674632	Marionette	WARN	TLS certificate errors will be ignored for this session
1598712675085	Marionette	INFO	Stopped listening on port 64056
console.warn: services.settings: main/cfr-fxa sync interrupted by shutdown

###!!! [Child][RunMessage] Error: Channel closing: too late to send/recv, messages will be lost


###!!! [Child][MessageChannel::SendAndWait] Error: Channel error: cannot send/recv

1598713171372	geckodriver	INFO	Listening on 127.0.0.1:64134
1598713174509	mozrunner::runner	INFO	Running command: "C:\\Program Files\\Mozilla Firefox\\firefox.exe" "--marionette" "-foreground" "-no-remote" "-profile" "C:\\Users\\hjkhj\\AppData\\Local\\Temp\\rust_mozprofileNE16nC"
JavaScript error: resource://gre/modules/XULStore.jsm, line 66: Error: Can't find profile directory.
console.error: SearchCache: "_readCacheFile: Error reading cache file:" (new Error("", "(unknown module)"))
1598713180348	Marionette	INFO	Listening on port 64143
1598713180773	Marionette	WARN	TLS certificate errors will be ignored for this session
1598713181206	Marionette	INFO	Stopped listening on port 64143
console.warn: services.settings: main/partitioning-exempt-urls sync interrupted by shutdown

###!!! [Child][RunMessage] Error: Channel closing: too late to send/recv, messages will be lost


###!!! [Child][MessageChannel::SendAndWait] Error: Channel error: cannot send/recv

1598798232012	geckodriver	INFO	Listening on 127.0.0.1:65031
1598798235068	mozrunner::runner	INFO	Running command: "C:\\Program Files\\Mozilla Firefox\\firefox.exe" "--marionette" "-foreground" "-no-remote" "-profile" "C:\\Users\\hjkhj\\AppData\\Local\\Temp\\rust_mozprofileDMUPzh"
JavaScript error: resource://gre/modules/XULStore.jsm, line 66: Error: Can't find profile directory.
console.error: SearchCache: "_readCacheFile: Error reading cache file:" (new Error("", "(unknown module)"))
1598798239027	Marionette	INFO	Listening on port 65039
1598798239195	Marionette	WARN	TLS certificate errors will be ignored for this session
1598798239731	Marionette	INFO	Stopped listening on port 65039
console.warn: services.settings: main/partitioning-exempt-urls sync interrupted by shutdown
console.error: services.settings: 
  main/whats-new-panel Signature failed  TypeError: NetworkError when attempting to fetch resource.

###!!! [Child][RunMessage] Error: Channel closing: too late to send/recv, messages will be lost


###!!! [Child][MessageChannel::SendAndWait] Error: Channel error: cannot send/recv

1598798288602	geckodriver	INFO	Listening on 127.0.0.1:65078
1598798291651	mozrunner::runner	INFO	Running command: "C:\\Program Files\\Mozilla Firefox\\firefox.exe" "--marionette" "-foreground" "-no-remote" "-profile" "C:\\Users\\hjkhj\\AppData\\Local\\Temp\\rust_mozprofileJHdApn"
JavaScript error: resource://gre/modules/XULStore.jsm, line 66: Error: Can't find profile directory.
console.error: SearchCache: "_readCacheFile: Error reading cache file:" (new Error("", "(unknown module)"))
1598798294783	Marionette	INFO	Listening on port 65086
1598798295270	Marionette	WARN	TLS certificate errors will be ignored for this session
1598798295746	Marionette	INFO	Stopped listening on port 65086
console.error: services.settings: 
  main/whats-new-panel Signature failed  TypeError: NetworkError when attempting to fetch resource.
console.error: services.settings: 
  main/partitioning-exempt-urls Signature failed  TypeError: NetworkError when attempting to fetch resource.

###!!! [Child][RunMessage] Error: Channel closing: too late to send/recv, messages will be lost


###!!! [Child][MessageChannel::SendAndWait] Error: Channel error: cannot send/recv

1598798397157	geckodriver	INFO	Listening on 127.0.0.1:65130
1598798400211	mozrunner::runner	INFO	Running command: "C:\\Program Files\\Mozilla Firefox\\firefox.exe" "--marionette" "-foreground" "-no-remote" "-profile" "C:\\Users\\hjkhj\\AppData\\Local\\Temp\\rust_mozprofileC3gAzW"
JavaScript error: resource://gre/modules/XULStore.jsm, line 66: Error: Can't find profile directory.
console.error: SearchCache: "_readCacheFile: Error reading cache file:" (new Error("", "(unknown module)"))
1598798403401	Marionette	INFO	Listening on port 65138
1598798403824	Marionette	WARN	TLS certificate errors will be ignored for this session
1598798404307	Marionette	INFO	Stopped listening on port 65138
console.error: services.settings: 
  main/whats-new-panel Signature failed  TypeError: NetworkError when attempting to fetch resource.
console.error: services.settings: 
  main/partitioning-exempt-urls Signature failed  TypeError: NetworkError when attempting to fetch resource.

###!!! [Child][RunMessage] Error: Channel closing: too late to send/recv, messages will be lost


###!!! [Child][MessageChannel::SendAndWait] Error: Channel error: cannot send/recv

1598798464044	geckodriver	INFO	Listening on 127.0.0.1:65180
1598798467090	mozrunner::runner	INFO	Running command: "C:\\Program Files\\Mozilla Firefox\\firefox.exe" "--marionette" "-foreground" "-no-remote" "-profile" "C:\\Users\\hjkhj\\AppData\\Local\\Temp\\rust_mozprofilelENgCm"
JavaScript error: resource://gre/modules/XULStore.jsm, line 66: Error: Can't find profile directory.
console.error: SearchCache: "_readCacheFile: Error reading cache file:" (new Error("", "(unknown module)"))
1598798470076	Marionette	INFO	Listening on port 65188
1598798470203	Marionette	WARN	TLS certificate errors will be ignored for this session
1598798470619	Marionette	INFO	Stopped listening on port 65188
console.error: Region.jsm: "Error fetching region" (new TypeError("NetworkError when attempting to fetch resource.", ""))
console.error: Region.jsm: "Failed to fetch region" (new Error("NO_RESULT", "resource://gre/modules/Region.jsm", 343))

###!!! [Child][RunMessage] Error: Channel closing: too late to send/recv, messages will be lost


###!!! [Child][MessageChannel::SendAndWait] Error: Channel error: cannot send/recv

1598798531562	geckodriver	INFO	Listening on 127.0.0.1:65207
1598798534610	mozrunner::runner	INFO	Running command: "C:\\Program Files\\Mozilla Firefox\\firefox.exe" "--marionette" "-foreground" "-no-remote" "-profile" "C:\\Users\\hjkhj\\AppData\\Local\\Temp\\rust_mozprofilekVkLUO"
JavaScript error: resource://gre/modules/XULStore.jsm, line 66: Error: Can't find profile directory.
console.error: SearchCache: "_readCacheFile: Error reading cache file:" (new Error("", "(unknown module)"))
1598798537432	Marionette	INFO	Listening on port 65217
1598798537727	Marionette	WARN	TLS certificate errors will be ignored for this session
JavaScript error: resource://gre/actors/AutoCompleteChild.jsm, line 208: Error: Invalid autocomplete selectedIndex
1598798539251	Marionette	INFO	Stopped listening on port 65217
JavaScript error: resource://gre/modules/UrlClassifierListManager.jsm, line 691: TypeError: this.tablesData[table] is undefined

###!!! [Child][RunMessage] Error: Channel closing: too late to send/recv, messages will be lost


###!!! [Child][MessageChannel::SendAndWait] Error: Channel error: cannot send/recv

1598798586960	geckodriver	INFO	Listening on 127.0.0.1:65259
1598798589996	mozrunner::runner	INFO	Running command: "C:\\Program Files\\Mozilla Firefox\\firefox.exe" "--marionette" "-foreground" "-no-remote" "-profile" "C:\\Users\\hjkhj\\AppData\\Local\\Temp\\rust_mozprofileVTQNwa"
JavaScript error: resource://gre/modules/XULStore.jsm, line 66: Error: Can't find profile directory.
console.error: SearchCache: "_readCacheFile: Error reading cache file:" (new Error("", "(unknown module)"))
1598798593045	Marionette	INFO	Listening on port 65268
1598798593113	Marionette	WARN	TLS certificate errors will be ignored for this session
JavaScript error: resource://gre/actors/AutoCompleteChild.jsm, line 208: Error: Invalid autocomplete selectedIndex
1598798594694	Marionette	INFO	Stopped listening on port 65268

###!!! [Child][RunMessage] Error: Channel closing: too late to send/recv, messages will be lost


###!!! [Child][MessageChannel::SendAndWait] Error: Channel error: cannot send/recv

1598798683382	geckodriver	INFO	Listening on 127.0.0.1:65311
1598798686425	mozrunner::runner	INFO	Running command: "C:\\Program Files\\Mozilla Firefox\\firefox.exe" "--marionette" "-foreground" "-no-remote" "-profile" "C:\\Users\\hjkhj\\AppData\\Local\\Temp\\rust_mozprofile4kNilF"
JavaScript error: resource://gre/modules/XULStore.jsm, line 66: Error: Can't find profile directory.
console.error: SearchCache: "_readCacheFile: Error reading cache file:" (new Error("", "(unknown module)"))
1598798689521	Marionette	INFO	Listening on port 65320
1598798689538	Marionette	WARN	TLS certificate errors will be ignored for this session
JavaScript error: resource://gre/actors/AutoCompleteChild.jsm, line 208: Error: Invalid autocomplete selectedIndex
1598798691070	Marionette	INFO	Stopped listening on port 65320

###!!! [Child][RunMessage] Error: Channel closing: too late to send/recv, messages will be lost


###!!! [Child][MessageChannel::SendAndWait] Error: Channel error: cannot send/recv

